Using pre-set license
Built from '2021.3/staging' branch; Version is '2021.3.11f1 (0a5ca18544bf) revision 679073'; Using compiler version '192829333'; Build Type 'Release'
OS: 'Windows 11  (10.0.22000) 64bit Core' Language: 'en' Physical Memory: 6023 MB
BatchMode: 1, IsHumanControllingUs: 0, StartBugReporterOnCrash: 0, Is64bit: 1, IsPro: 1

COMMAND LINE ARGUMENTS:
C:\Users\cnelk\Desktop\2021.3.11f1\Editor\Unity.exe
-adb2
-batchMode
-noUpm
-name
AssetImportWorker0
-projectPath
C:/Users/cnelk/Documents/GitHub/JC_Gravity-Trails/JC - Gravity Trails
-logFile
Logs/AssetImportWorker0.log
-srvPort
53953
Successfully changed project path to: C:/Users/cnelk/Documents/GitHub/JC_Gravity-Trails/JC - Gravity Trails
C:/Users/cnelk/Documents/GitHub/JC_Gravity-Trails/JC - Gravity Trails
[UnityMemory] Configuration Parameters - Can be set up in boot.config
    "memorysetup-bucket-allocator-granularity=16"
    "memorysetup-bucket-allocator-bucket-count=8"
    "memorysetup-bucket-allocator-block-size=33554432"
    "memorysetup-bucket-allocator-block-count=8"
    "memorysetup-main-allocator-block-size=16777216"
    "memorysetup-thread-allocator-block-size=16777216"
    "memorysetup-gfx-main-allocator-block-size=16777216"
    "memorysetup-gfx-thread-allocator-block-size=16777216"
    "memorysetup-cache-allocator-block-size=4194304"
    "memorysetup-typetree-allocator-block-size=2097152"
    "memorysetup-profiler-bucket-allocator-granularity=16"
    "memorysetup-profiler-bucket-allocator-bucket-count=8"
    "memorysetup-profiler-bucket-allocator-block-size=33554432"
    "memorysetup-profiler-bucket-allocator-block-count=8"
    "memorysetup-profiler-allocator-block-size=16777216"
    "memorysetup-profiler-editor-allocator-block-size=1048576"
    "memorysetup-temp-allocator-size-main=16777216"
    "memorysetup-job-temp-allocator-block-size=2097152"
    "memorysetup-job-temp-allocator-block-size-background=1048576"
    "memorysetup-job-temp-allocator-reduction-small-platforms=262144"
    "memorysetup-temp-allocator-size-background-worker=32768"
    "memorysetup-temp-allocator-size-job-worker=262144"
    "memorysetup-temp-allocator-size-preload-manager=33554432"
    "memorysetup-temp-allocator-size-nav-mesh-worker=65536"
    "memorysetup-temp-allocator-size-audio-worker=65536"
    "memorysetup-temp-allocator-size-cloud-worker=32768"
    "memorysetup-temp-allocator-size-gi-baking-worker=262144"
    "memorysetup-temp-allocator-size-gfx=262144"
Refreshing native plugins compatible for Editor in 127.03 ms, found 2 plugins.
Preloading 0 native plugins for Editor in 0.00 ms.
Initialize engine version: 2021.3.11f1 (0a5ca18544bf)
[Subsystems] Discovering subsystems at path C:/Users/cnelk/Desktop/2021.3.11f1/Editor/Data/Resources/UnitySubsystems
[Subsystems] Discovering subsystems at path C:/Users/cnelk/Documents/GitHub/JC_Gravity-Trails/JC - Gravity Trails/Assets
GfxDevice: creating device client; threaded=0; jobified=0
Direct3D:
    Version:  Direct3D 11.0 [level 11.1]
    Renderer: AMD Radeon(TM) Graphics (ID=0x15d8)
    Vendor:   ATI
    VRAM:     3011 MB
    Driver:   30.0.14038.0
Initialize mono
Mono path[0] = 'C:/Users/cnelk/Desktop/2021.3.11f1/Editor/Data/Managed'
Mono path[1] = 'C:/Users/cnelk/Desktop/2021.3.11f1/Editor/Data/MonoBleedingEdge/lib/mono/unityjit-win32'
Mono config path = 'C:/Users/cnelk/Desktop/2021.3.11f1/Editor/Data/MonoBleedingEdge/etc'
Using monoOptions --debugger-agent=transport=dt_socket,embedding=1,server=y,suspend=n,address=127.0.0.1:56088
Begin MonoManager ReloadAssembly
Registering precompiled unity dll's ...
Register platform support module: C:/Users/cnelk/Desktop/2021.3.11f1/Editor/Data/PlaybackEngines/WebGLSupport/UnityEditor.WebGL.Extensions.dll
Register platform support module: C:/Users/cnelk/Desktop/2021.3.11f1/Editor/Data/PlaybackEngines/WindowsStandaloneSupport/UnityEditor.WindowsStandalone.Extensions.dll
Registered in 0.016771 seconds.
Native extension for WindowsStandalone target not found
Native extension for WebGL target not found
Refreshing native plugins compatible for Editor in 83.88 ms, found 2 plugins.
Preloading 0 native plugins for Editor in 0.00 ms.
Mono: successfully reloaded assembly
- Completed reload, in  1.466 seconds
Domain Reload Profiling:
	ReloadAssembly (1467ms)
		BeginReloadAssembly (217ms)
			ExecutionOrderSort (0ms)
			DisableScriptedObjects (0ms)
			BackupInstance (0ms)
			ReleaseScriptingObjects (0ms)
			CreateAndSetChildDomain (2ms)
		EndReloadAssembly (958ms)
			LoadAssemblies (212ms)
			RebuildTransferFunctionScriptingTraits (0ms)
			SetupTypeCache (231ms)
			ReleaseScriptCaches (0ms)
			RebuildScriptCaches (60ms)
			SetupLoadedEditorAssemblies (549ms)
				LogAssemblyErrors (0ms)
				InitializePlatformSupportModulesInManaged (22ms)
				SetLoadedEditorAssemblies (0ms)
				RefreshPlugins (84ms)
				BeforeProcessingInitializeOnLoad (3ms)
				ProcessInitializeOnLoadAttributes (338ms)
				ProcessInitializeOnLoadMethodAttributes (101ms)
				AfterProcessingInitializeOnLoad (0ms)
				EditorAssembliesLoaded (0ms)
			ExecutionOrderSort2 (0ms)
			AwakeInstancesAfterBackupRestoration (0ms)
Platform modules already initialized, skipping
Registering precompiled user dll's ...
Registered in 0.011603 seconds.
Begin MonoManager ReloadAssembly
Native extension for WindowsStandalone target not found
Native extension for WebGL target not found
Refreshing native plugins compatible for Editor in 1.46 ms, found 2 plugins.
Preloading 0 native plugins for Editor in 0.00 ms.
Mono: successfully reloaded assembly
- Completed reload, in  2.022 seconds
Domain Reload Profiling:
	ReloadAssembly (2024ms)
		BeginReloadAssembly (268ms)
			ExecutionOrderSort (0ms)
			DisableScriptedObjects (15ms)
			BackupInstance (0ms)
			ReleaseScriptingObjects (0ms)
			CreateAndSetChildDomain (47ms)
		EndReloadAssembly (1497ms)
			LoadAssemblies (174ms)
			RebuildTransferFunctionScriptingTraits (0ms)
			SetupTypeCache (400ms)
			ReleaseScriptCaches (1ms)
			RebuildScriptCaches (104ms)
			SetupLoadedEditorAssemblies (752ms)
				LogAssemblyErrors (0ms)
				InitializePlatformSupportModulesInManaged (17ms)
				SetLoadedEditorAssemblies (1ms)
				RefreshPlugins (2ms)
				BeforeProcessingInitializeOnLoad (118ms)
				ProcessInitializeOnLoadAttributes (525ms)
				ProcessInitializeOnLoadMethodAttributes (71ms)
				AfterProcessingInitializeOnLoad (18ms)
				EditorAssembliesLoaded (1ms)
			ExecutionOrderSort2 (0ms)
			AwakeInstancesAfterBackupRestoration (13ms)
Platform modules already initialized, skipping
========================================================================
Worker process is ready to serve import requests
Launched and connected shader compiler UnityShaderCompiler.exe after 0.10 seconds
Refreshing native plugins compatible for Editor in 1.65 ms, found 2 plugins.
Preloading 0 native plugins for Editor in 0.00 ms.
Unloading 1855 Unused Serialized files (Serialized files now loaded: 0)
Unloading 33 unused Assets / (130.2 KB). Loaded Objects now: 2319.
Memory consumption went from 78.4 MB to 78.2 MB.
Total: 6.764500 ms (FindLiveObjects: 0.492100 ms CreateObjectMapping: 0.080400 ms MarkObjects: 5.899700 ms  DeleteObjects: 0.289000 ms)

AssetImportParameters requested are different than current active one (requested -> active):
  custom:video-decoder-ogg-theora: a1e56fd34408186e4bbccfd4996cb3dc -> 
  custom:container-muxer-webm: aa71ff27fc2769a1b78a27578f13a17b -> 
  custom:container-demuxer-webm: 4f35f7cbe854078d1ac9338744f61a02 -> 
  custom:video-encoder-webm-vp8: eb34c28f22e8b96e1ab97ce403110664 -> 
  custom:audio-encoder-webm-vorbis: bf7c407c2cedff20999df2af8eb42d56 -> 
  custom:framework-win-MediaFoundation: 216162199b28c13a410421893ffa2e32 -> 
  custom:container-demuxer-ogg: 62fdf1f143b41e24485cea50d1cbac27 -> 
  custom:video-decoder-webm-vp8: 9c59270c3fd7afecdb556c50c9e8de78 -> 
  custom:audio-decoder-ogg-vorbis: bf7c407c2cedff20999df2af8eb42d56 -> 
========================================================================
Received Import Request.
  Time since last request: 447878.405493 seconds.
  path: Assets/Artwork/Key1.png
  artifactKey: Guid(5347f2406f41610479e67cfc3dd09138) Importer(815301076,1909f56bfc062723c751e8b465ee728b)
Start importing Assets/Artwork/Key1.png using Guid(5347f2406f41610479e67cfc3dd09138) Importer(815301076,1909f56bfc062723c751e8b465ee728b)  -> (artifact id: 'a5bd4b47bdb9f2f5b85c49e9694f4599') in 0.328507 seconds 
========================================================================
Received Import Request.
  Time since last request: 0.000074 seconds.
  path: Assets/Artwork/Key4.png
  artifactKey: Guid(87185a2345b7f524e835e35916764347) Importer(815301076,1909f56bfc062723c751e8b465ee728b)
Start importing Assets/Artwork/Key4.png using Guid(87185a2345b7f524e835e35916764347) Importer(815301076,1909f56bfc062723c751e8b465ee728b)  -> (artifact id: '5aa008441c786995f65d556834f17513') in 0.055432 seconds 
========================================================================
Received Import Request.
  Time since last request: 0.000120 seconds.
  path: Assets/BayatGames/Free Platform Game Assets/Character/Character Source/png/4x/LeftEye.png
  artifactKey: Guid(b7d48df2dd5700641a5a1ada209269c3) Importer(815301076,1909f56bfc062723c751e8b465ee728b)
Start importing Assets/BayatGames/Free Platform Game Assets/Character/Character Source/png/4x/LeftEye.png using Guid(b7d48df2dd5700641a5a1ada209269c3) Importer(815301076,1909f56bfc062723c751e8b465ee728b)  -> (artifact id: '969c3bfc0c7ed614267deacbbbe45092') in 0.039470 seconds 
========================================================================
Received Import Request.
  Time since last request: 0.000113 seconds.
  path: Assets/BayatGames/Free Platform Game Assets/Character/Character Source/png/4x/LeftFoot.png
  artifactKey: Guid(21f1e42e8ee4400409a53c55671bd27f) Importer(815301076,1909f56bfc062723c751e8b465ee728b)
Start importing Assets/BayatGames/Free Platform Game Assets/Character/Character Source/png/4x/LeftFoot.png using Guid(21f1e42e8ee4400409a53c55671bd27f) Importer(815301076,1909f56bfc062723c751e8b465ee728b)  -> (artifact id: 'e1ade51966e2bcc6ac8e23cfaa0ee8e1') in 0.035173 seconds 
========================================================================
Received Import Request.
  Time since last request: 0.000063 seconds.
  path: Assets/BayatGames/Free Platform Game Assets/Character/Character Source/png/4x/LeftHand.png
  artifactKey: Guid(f74f79856fafd60499953268d6762796) Importer(815301076,1909f56bfc062723c751e8b465ee728b)
Start importing Assets/BayatGames/Free Platform Game Assets/Character/Character Source/png/4x/LeftHand.png using Guid(f74f79856fafd60499953268d6762796) Importer(815301076,1909f56bfc062723c751e8b465ee728b)  -> (artifact id: '3d9aa2a3fa21377c8b161e3473b7d6f0') in 0.036139 seconds 
========================================================================
Received Import Request.
  Time since last request: 0.000059 seconds.
  path: Assets/Artwork/Key2.png
  artifactKey: Guid(61ae045ba25f7964b8f6610fbe9c7557) Importer(815301076,1909f56bfc062723c751e8b465ee728b)
Start importing Assets/Artwork/Key2.png using Guid(61ae045ba25f7964b8f6610fbe9c7557) Importer(815301076,1909f56bfc062723c751e8b465ee728b)  -> (artifact id: '37a6eb02b8d88bba418ac7d79361d6d7') in 0.045201 seconds 
========================================================================
Received Import Request.
  Time since last request: 0.000066 seconds.
  path: Assets/Artwork/Key3.png
  artifactKey: Guid(701127aad58a8b841a7453385e9d67dd) Importer(815301076,1909f56bfc062723c751e8b465ee728b)
Start importing Assets/Artwork/Key3.png using Guid(701127aad58a8b841a7453385e9d67dd) Importer(815301076,1909f56bfc062723c751e8b465ee728b)  -> (artifact id: 'c82c79fe131d844e5ddc129077186a75') in 0.045802 seconds 
========================================================================
Received Import Request.
  Time since last request: 0.000110 seconds.
  path: Assets/BayatGames/Free Platform Game Assets/Character/Character Source/png/4x/LeftArm.png
  artifactKey: Guid(a9db2a481a2944f429524f61095bcbaf) Importer(815301076,1909f56bfc062723c751e8b465ee728b)
Start importing Assets/BayatGames/Free Platform Game Assets/Character/Character Source/png/4x/LeftArm.png using Guid(a9db2a481a2944f429524f61095bcbaf) Importer(815301076,1909f56bfc062723c751e8b465ee728b)  -> (artifact id: '6104646d39c00667a0fd6d5ba51c2605') in 0.028765 seconds 
========================================================================
Received Import Request.
  Time since last request: 0.000092 seconds.
  path: Assets/Resources/Icons/jump.png
  artifactKey: Guid(f0cdf2fe36867844eb1e8aaa466f1d8f) Importer(815301076,1909f56bfc062723c751e8b465ee728b)
Start importing Assets/Resources/Icons/jump.png using Guid(f0cdf2fe36867844eb1e8aaa466f1d8f) Importer(815301076,1909f56bfc062723c751e8b465ee728b)  -> (artifact id: '91aa812b9b851a29a1f2e05dcf2d1df3') in 0.038102 seconds 
========================================================================
Received Import Request.
  Time since last request: 135.387738 seconds.
  path: Assets/BayatGames/Free Platform Game Assets/Water Animation/2.5D View/png/1x/image 17.png
  artifactKey: Guid(2b9c729e026b0514b8dde1680d8a7e90) Importer(815301076,1909f56bfc062723c751e8b465ee728b)
Start importing Assets/BayatGames/Free Platform Game Assets/Water Animation/2.5D View/png/1x/image 17.png using Guid(2b9c729e026b0514b8dde1680d8a7e90) Importer(815301076,1909f56bfc062723c751e8b465ee728b)  -> (artifact id: '1466386a52f08fb18b691bab671157e0') in 0.050596 seconds 
========================================================================
Received Import Request.
  Time since last request: 0.000063 seconds.
  path: Assets/BayatGames/Free Platform Game Assets/Water Animation/2.5D View/png/2x/image 17.png
  artifactKey: Guid(574eba55cee7d30418e65c66da2149c3) Importer(815301076,1909f56bfc062723c751e8b465ee728b)
Start importing Assets/BayatGames/Free Platform Game Assets/Water Animation/2.5D View/png/2x/image 17.png using Guid(574eba55cee7d30418e65c66da2149c3) Importer(815301076,1909f56bfc062723c751e8b465ee728b)  -> (artifact id: '2976ec9f6603a243880c9730f0ff81a8') in 0.043591 seconds 
========================================================================
Received Import Request.
  Time since last request: 1.617458 seconds.
  path: Assets/BayatGames/Free Platform Game Assets/Enemies/Enemies/png/256x256/Pupil 256.png
  artifactKey: Guid(a2bdd2a9215d9574aaed3d1a1e2f7f69) Importer(815301076,1909f56bfc062723c751e8b465ee728b)
Start importing Assets/BayatGames/Free Platform Game Assets/Enemies/Enemies/png/256x256/Pupil 256.png using Guid(a2bdd2a9215d9574aaed3d1a1e2f7f69) Importer(815301076,1909f56bfc062723c751e8b465ee728b)  -> (artifact id: 'edd1e374323dac2b3ee064e0a9d6e4c3') in 0.035644 seconds 
========================================================================
Received Import Request.
  Time since last request: 0.000056 seconds.
  path: Assets/BayatGames/Free Platform Game Assets/Enemies/Enemies/png/512x512/Pupil 512.png
  artifactKey: Guid(34a3d5607a0ccfc4f9384976166ab7b4) Importer(815301076,1909f56bfc062723c751e8b465ee728b)
Start importing Assets/BayatGames/Free Platform Game Assets/Enemies/Enemies/png/512x512/Pupil 512.png using Guid(34a3d5607a0ccfc4f9384976166ab7b4) Importer(815301076,1909f56bfc062723c751e8b465ee728b)  -> (artifact id: '79f8ed825444e29a48e4ebf296e0061c') in 0.033045 seconds 
========================================================================
Received Import Request.
  Time since last request: 0.000064 seconds.
  path: Assets/BayatGames/Free Platform Game Assets/Enemies/Enemies/png/32x32/Spike_Left&Right.png
  artifactKey: Guid(3560cf5b0cd02ac47bfdf0db0469d4d4) Importer(815301076,1909f56bfc062723c751e8b465ee728b)
Start importing Assets/BayatGames/Free Platform Game Assets/Enemies/Enemies/png/32x32/Spike_Left&Right.png using Guid(3560cf5b0cd02ac47bfdf0db0469d4d4) Importer(815301076,1909f56bfc062723c751e8b465ee728b)  -> (artifact id: '507245edc62360d315c33bb373d57a7f') in 0.038490 seconds 
========================================================================
Received Import Request.
  Time since last request: 0.000095 seconds.
  path: Assets/BayatGames/Free Platform Game Assets/Enemies/Enemies/png/64x64/Spike_Left&Right.png
  artifactKey: Guid(e4790c9a8fc350e4c9040f29229b6792) Importer(815301076,1909f56bfc062723c751e8b465ee728b)
Start importing Assets/BayatGames/Free Platform Game Assets/Enemies/Enemies/png/64x64/Spike_Left&Right.png using Guid(e4790c9a8fc350e4c9040f29229b6792) Importer(815301076,1909f56bfc062723c751e8b465ee728b)  -> (artifact id: 'a89f62f578ad32e4ad4a8becd9f6fe99') in 0.031367 seconds 
========================================================================
Received Import Request.
  Time since last request: 0.000064 seconds.
  path: Assets/BayatGames/Free Platform Game Assets/Enemies/Enemies/png/128x128/Spike_Left&down.png
  artifactKey: Guid(9313547624ac5ad4f859f9b6feba896e) Importer(815301076,1909f56bfc062723c751e8b465ee728b)
Start importing Assets/BayatGames/Free Platform Game Assets/Enemies/Enemies/png/128x128/Spike_Left&down.png using Guid(9313547624ac5ad4f859f9b6feba896e) Importer(815301076,1909f56bfc062723c751e8b465ee728b)  -> (artifact id: '06b29c475baa1acb574708cdb00bfe12') in 0.042224 seconds 
========================================================================
Received Import Request.
  Time since last request: 1.307003 seconds.
  path: Assets/BayatGames/Free Platform Game Assets/Enemies/Enemies/png/32x32/Spike_Down.png
  artifactKey: Guid(4e7df43df38ac754f81eba8fc09b1931) Importer(815301076,1909f56bfc062723c751e8b465ee728b)
Start importing Assets/BayatGames/Free Platform Game Assets/Enemies/Enemies/png/32x32/Spike_Down.png using Guid(4e7df43df38ac754f81eba8fc09b1931) Importer(815301076,1909f56bfc062723c751e8b465ee728b)  -> (artifact id: 'f025ff0ba3e339d8eb89a7fd62be3f87') in 0.038145 seconds 
========================================================================
Received Import Request.
  Time since last request: 0.000052 seconds.
  path: Assets/BayatGames/Free Platform Game Assets/Enemies/Enemies/png/128x128/Spike_down.png
  artifactKey: Guid(006840a3143209e49978b3ace77c06ce) Importer(815301076,1909f56bfc062723c751e8b465ee728b)
Start importing Assets/BayatGames/Free Platform Game Assets/Enemies/Enemies/png/128x128/Spike_down.png using Guid(006840a3143209e49978b3ace77c06ce) Importer(815301076,1909f56bfc062723c751e8b465ee728b)  -> (artifact id: '4a9e45ffecd8e0d5379079eecc2d39e3') in 0.041178 seconds 
========================================================================
Received Import Request.
  Time since last request: 0.000077 seconds.
  path: Assets/BayatGames/Free Platform Game Assets/Enemies/Enemies/png/64x64/Spike_Down.png
  artifactKey: Guid(65948b26b1cde0247930b657883b2da6) Importer(815301076,1909f56bfc062723c751e8b465ee728b)
Start importing Assets/BayatGames/Free Platform Game Assets/Enemies/Enemies/png/64x64/Spike_Down.png using Guid(65948b26b1cde0247930b657883b2da6) Importer(815301076,1909f56bfc062723c751e8b465ee728b)  -> (artifact id: 'dd7f5f77837ec8146a7233ac0d69e818') in 0.038657 seconds 
========================================================================
Received Prepare
Registering precompiled user dll's ...
Registered in 0.009507 seconds.
Begin MonoManager ReloadAssembly
Native extension for WindowsStandalone target not found
Native extension for WebGL target not found
Refreshing native plugins compatible for Editor in 2.78 ms, found 2 plugins.
Preloading 0 native plugins for Editor in 0.00 ms.
Mono: successfully reloaded assembly
- Completed reload, in  3.581 seconds
Domain Reload Profiling:
	ReloadAssembly (3584ms)
		BeginReloadAssembly (336ms)
			ExecutionOrderSort (0ms)
			DisableScriptedObjects (11ms)
			BackupInstance (0ms)
			ReleaseScriptingObjects (0ms)
			CreateAndSetChildDomain (95ms)
		EndReloadAssembly (2992ms)
			LoadAssemblies (224ms)
			RebuildTransferFunctionScriptingTraits (0ms)
			SetupTypeCache (581ms)
			ReleaseScriptCaches (2ms)
			RebuildScriptCaches (282ms)
			SetupLoadedEditorAssemblies (1506ms)
				LogAssemblyErrors (0ms)
				InitializePlatformSupportModulesInManaged (58ms)
				SetLoadedEditorAssemblies (3ms)
				RefreshPlugins (3ms)
				BeforeProcessingInitializeOnLoad (163ms)
				ProcessInitializeOnLoadAttributes (1094ms)
				ProcessInitializeOnLoadMethodAttributes (150ms)
				AfterProcessingInitializeOnLoad (32ms)
				EditorAssembliesLoaded (1ms)
			ExecutionOrderSort2 (0ms)
			AwakeInstancesAfterBackupRestoration (29ms)
Platform modules already initialized, skipping
Refreshing native plugins compatible for Editor in 8.31 ms, found 2 plugins.
Preloading 0 native plugins for Editor in 0.00 ms.
Unloading 1849 Unused Serialized files (Serialized files now loaded: 0)
Unloading 14 unused Assets / (95.4 KB). Loaded Objects now: 2370.
Memory consumption went from 82.0 MB to 81.9 MB.
Total: 12.484500 ms (FindLiveObjects: 0.417700 ms CreateObjectMapping: 0.087100 ms MarkObjects: 11.864900 ms  DeleteObjects: 0.111700 ms)

AssetImportParameters requested are different than current active one (requested -> active):
  custom:video-decoder-ogg-theora: a1e56fd34408186e4bbccfd4996cb3dc -> 
  custom:container-muxer-webm: aa71ff27fc2769a1b78a27578f13a17b -> 
  custom:container-demuxer-webm: 4f35f7cbe854078d1ac9338744f61a02 -> 
  custom:video-encoder-webm-vp8: eb34c28f22e8b96e1ab97ce403110664 -> 
  custom:audio-encoder-webm-vorbis: bf7c407c2cedff20999df2af8eb42d56 -> 
  custom:framework-win-MediaFoundation: 216162199b28c13a410421893ffa2e32 -> 
  custom:container-demuxer-ogg: 62fdf1f143b41e24485cea50d1cbac27 -> 
  custom:video-decoder-webm-vp8: 9c59270c3fd7afecdb556c50c9e8de78 -> 
  custom:audio-decoder-ogg-vorbis: bf7c407c2cedff20999df2af8eb42d56 -> 
========================================================================
Received Import Request.
  Time since last request: 252.989161 seconds.
  path: Assets/Prefabs/Avatar.prefab
  artifactKey: Guid(808b89f9746b7b7498a3a88b37ef5221) Importer(815301076,1909f56bfc062723c751e8b465ee728b)
Start importing Assets/Prefabs/Avatar.prefab using Guid(808b89f9746b7b7498a3a88b37ef5221) Importer(815301076,1909f56bfc062723c751e8b465ee728b)  -> (artifact id: '53272d81e163e6dc44ecdc81d659f4d9') in 0.238985 seconds 
========================================================================
Received Import Request.
  Time since last request: 12.539946 seconds.
  path: Assets/Scripts/Teleport2.cs
  artifactKey: Guid(3b2789c675bf18b409be7c4ac9ed2b8a) Importer(815301076,1909f56bfc062723c751e8b465ee728b)
Start importing Assets/Scripts/Teleport2.cs using Guid(3b2789c675bf18b409be7c4ac9ed2b8a) Importer(815301076,1909f56bfc062723c751e8b465ee728b)  -> (artifact id: 'd33ab3e47deb48f84c0d94a565abc055') in 0.040473 seconds 
========================================================================
Received Prepare
Registering precompiled user dll's ...
Registered in 0.013184 seconds.
Begin MonoManager ReloadAssembly
Native extension for WindowsStandalone target not found
Native extension for WebGL target not found
Refreshing native plugins compatible for Editor in 2.36 ms, found 2 plugins.
Preloading 0 native plugins for Editor in 0.00 ms.
Mono: successfully reloaded assembly
- Completed reload, in  3.989 seconds
Domain Reload Profiling:
	ReloadAssembly (3991ms)
		BeginReloadAssembly (576ms)
			ExecutionOrderSort (0ms)
			DisableScriptedObjects (16ms)
			BackupInstance (0ms)
			ReleaseScriptingObjects (0ms)
			CreateAndSetChildDomain (108ms)
		EndReloadAssembly (3195ms)
			LoadAssemblies (340ms)
			RebuildTransferFunctionScriptingTraits (0ms)
			SetupTypeCache (433ms)
			ReleaseScriptCaches (9ms)
			RebuildScriptCaches (218ms)
			SetupLoadedEditorAssemblies (1715ms)
				LogAssemblyErrors (0ms)
				InitializePlatformSupportModulesInManaged (142ms)
				SetLoadedEditorAssemblies (3ms)
				RefreshPlugins (3ms)
				BeforeProcessingInitializeOnLoad (212ms)
				ProcessInitializeOnLoadAttributes (1234ms)
				ProcessInitializeOnLoadMethodAttributes (99ms)
				AfterProcessingInitializeOnLoad (22ms)
				EditorAssembliesLoaded (1ms)
			ExecutionOrderSort2 (0ms)
			AwakeInstancesAfterBackupRestoration (19ms)
Platform modules already initialized, skipping
Refreshing native plugins compatible for Editor in 5.20 ms, found 2 plugins.
Preloading 0 native plugins for Editor in 0.00 ms.
Unloading 1850 Unused Serialized files (Serialized files now loaded: 0)
Unloading 14 unused Assets / (95.4 KB). Loaded Objects now: 2390.
Memory consumption went from 82.2 MB to 82.2 MB.
Total: 11.931900 ms (FindLiveObjects: 0.445900 ms CreateObjectMapping: 0.110500 ms MarkObjects: 11.208900 ms  DeleteObjects: 0.163300 ms)

AssetImportParameters requested are different than current active one (requested -> active):
  custom:video-decoder-ogg-theora: a1e56fd34408186e4bbccfd4996cb3dc -> 
  custom:container-muxer-webm: aa71ff27fc2769a1b78a27578f13a17b -> 
  custom:container-demuxer-webm: 4f35f7cbe854078d1ac9338744f61a02 -> 
  custom:video-encoder-webm-vp8: eb34c28f22e8b96e1ab97ce403110664 -> 
  custom:audio-encoder-webm-vorbis: bf7c407c2cedff20999df2af8eb42d56 -> 
  custom:framework-win-MediaFoundation: 216162199b28c13a410421893ffa2e32 -> 
  custom:container-demuxer-ogg: 62fdf1f143b41e24485cea50d1cbac27 -> 
  custom:video-decoder-webm-vp8: 9c59270c3fd7afecdb556c50c9e8de78 -> 
  custom:audio-decoder-ogg-vorbis: bf7c407c2cedff20999df2af8eb42d56 -> 
========================================================================
Received Import Request.
  Time since last request: 178.604089 seconds.
  path: Assets/Scripts/Teleport.cs
  artifactKey: Guid(922b228cc72e7b44395af4d2366a7635) Importer(815301076,1909f56bfc062723c751e8b465ee728b)
Start importing Assets/Scripts/Teleport.cs using Guid(922b228cc72e7b44395af4d2366a7635) Importer(815301076,1909f56bfc062723c751e8b465ee728b)  -> (artifact id: 'cb0ef6b56c09b78aba2a4d69fd3d595c') in 0.016590 seconds 
========================================================================
Received Prepare
Registering precompiled user dll's ...
Registered in 0.010820 seconds.
Begin MonoManager ReloadAssembly
Native extension for WindowsStandalone target not found
Native extension for WebGL target not found
Refreshing native plugins compatible for Editor in 2.47 ms, found 2 plugins.
Preloading 0 native plugins for Editor in 0.00 ms.
Mono: successfully reloaded assembly
- Completed reload, in  2.852 seconds
Domain Reload Profiling:
	ReloadAssembly (2854ms)
		BeginReloadAssembly (320ms)
			ExecutionOrderSort (0ms)
			DisableScriptedObjects (14ms)
			BackupInstance (0ms)
			ReleaseScriptingObjects (0ms)
			CreateAndSetChildDomain (79ms)
		EndReloadAssembly (2252ms)
			LoadAssemblies (227ms)
			RebuildTransferFunctionScriptingTraits (0ms)
			SetupTypeCache (586ms)
			ReleaseScriptCaches (3ms)
			RebuildScriptCaches (241ms)
			SetupLoadedEditorAssemblies (893ms)
				LogAssemblyErrors (0ms)
				InitializePlatformSupportModulesInManaged (35ms)
				SetLoadedEditorAssemblies (2ms)
				RefreshPlugins (3ms)
				BeforeProcessingInitializeOnLoad (139ms)
				ProcessInitializeOnLoadAttributes (626ms)
				ProcessInitializeOnLoadMethodAttributes (71ms)
				AfterProcessingInitializeOnLoad (17ms)
				EditorAssembliesLoaded (1ms)
			ExecutionOrderSort2 (0ms)
			AwakeInstancesAfterBackupRestoration (14ms)
Platform modules already initialized, skipping
Refreshing native plugins compatible for Editor in 4.34 ms, found 2 plugins.
Preloading 0 native plugins for Editor in 0.00 ms.
Unloading 1850 Unused Serialized files (Serialized files now loaded: 0)
Unloading 14 unused Assets / (95.4 KB). Loaded Objects now: 2405.
Memory consumption went from 82.3 MB to 82.2 MB.
Total: 7.094700 ms (FindLiveObjects: 0.691900 ms CreateObjectMapping: 0.325100 ms MarkObjects: 5.973200 ms  DeleteObjects: 0.101500 ms)

AssetImportParameters requested are different than current active one (requested -> active):
  custom:video-decoder-ogg-theora: a1e56fd34408186e4bbccfd4996cb3dc -> 
  custom:container-muxer-webm: aa71ff27fc2769a1b78a27578f13a17b -> 
  custom:container-demuxer-webm: 4f35f7cbe854078d1ac9338744f61a02 -> 
  custom:video-encoder-webm-vp8: eb34c28f22e8b96e1ab97ce403110664 -> 
  custom:audio-encoder-webm-vorbis: bf7c407c2cedff20999df2af8eb42d56 -> 
  custom:framework-win-MediaFoundation: 216162199b28c13a410421893ffa2e32 -> 
  custom:container-demuxer-ogg: 62fdf1f143b41e24485cea50d1cbac27 -> 
  custom:video-decoder-webm-vp8: 9c59270c3fd7afecdb556c50c9e8de78 -> 
  custom:audio-decoder-ogg-vorbis: bf7c407c2cedff20999df2af8eb42d56 -> 
========================================================================
Received Import Request.
  Time since last request: 54.068230 seconds.
  path: Assets/Artwork/spritemap1.png
  artifactKey: Guid(2c8d0eb25f52bf446923412fe970cecc) Importer(815301076,1909f56bfc062723c751e8b465ee728b)
Start importing Assets/Artwork/spritemap1.png using Guid(2c8d0eb25f52bf446923412fe970cecc) Importer(815301076,1909f56bfc062723c751e8b465ee728b)  -> (artifact id: '3e143aa5f38741b83294fc6d3069481b') in 1.539651 seconds 
========================================================================
Received Import Request.
  Time since last request: 0.000090 seconds.
  path: Assets/Artwork/StartScreenAvatar.prefab
  artifactKey: Guid(d230b346aa66a9a4bbf3d79741287643) Importer(815301076,1909f56bfc062723c751e8b465ee728b)
Start importing Assets/Artwork/StartScreenAvatar.prefab using Guid(d230b346aa66a9a4bbf3d79741287643) Importer(815301076,1909f56bfc062723c751e8b465ee728b)  -> (artifact id: '98d24f485145f89d33be712521a12dee') in 0.188882 seconds 
========================================================================
Received Import Request.
  Time since last request: 13.058502 seconds.
  path: Assets/Scenes/Menu.unity
  artifactKey: Guid(a9f3ef6535723004ba470bdedeb798b8) Importer(815301076,1909f56bfc062723c751e8b465ee728b)
Start importing Assets/Scenes/Menu.unity using Guid(a9f3ef6535723004ba470bdedeb798b8) Importer(815301076,1909f56bfc062723c751e8b465ee728b)  -> (artifact id: '455b4a25c970de692c83b067e92c3b48') in 0.007542 seconds 
========================================================================
Received Prepare
Registering precompiled user dll's ...
Registered in 0.011799 seconds.
Begin MonoManager ReloadAssembly
Native extension for WindowsStandalone target not found
Native extension for WebGL target not found
Refreshing native plugins compatible for Editor in 3.32 ms, found 2 plugins.
Preloading 0 native plugins for Editor in 0.00 ms.
Mono: successfully reloaded assembly
- Completed reload, in  2.962 seconds
Domain Reload Profiling:
	ReloadAssembly (2963ms)
		BeginReloadAssembly (406ms)
			ExecutionOrderSort (0ms)
			DisableScriptedObjects (12ms)
			BackupInstance (0ms)
			ReleaseScriptingObjects (0ms)
			CreateAndSetChildDomain (99ms)
		EndReloadAssembly (2292ms)
			LoadAssemblies (215ms)
			RebuildTransferFunctionScriptingTraits (0ms)
			SetupTypeCache (600ms)
			ReleaseScriptCaches (4ms)
			RebuildScriptCaches (175ms)
			SetupLoadedEditorAssemblies (1098ms)
				LogAssemblyErrors (0ms)
				InitializePlatformSupportModulesInManaged (58ms)
				SetLoadedEditorAssemblies (2ms)
				RefreshPlugins (4ms)
				BeforeProcessingInitializeOnLoad (193ms)
				ProcessInitializeOnLoadAttributes (754ms)
				ProcessInitializeOnLoadMethodAttributes (69ms)
				AfterProcessingInitializeOnLoad (18ms)
				EditorAssembliesLoaded (1ms)
			ExecutionOrderSort2 (0ms)
			AwakeInstancesAfterBackupRestoration (14ms)
Platform modules already initialized, skipping
Refreshing native plugins compatible for Editor in 4.38 ms, found 2 plugins.
Preloading 0 native plugins for Editor in 0.00 ms.
Unloading 1850 Unused Serialized files (Serialized files now loaded: 0)
Unloading 14 unused Assets / (95.3 KB). Loaded Objects now: 2645.
Memory consumption went from 82.6 MB to 82.5 MB.
Total: 10.447900 ms (FindLiveObjects: 0.475400 ms CreateObjectMapping: 0.093900 ms MarkObjects: 9.749900 ms  DeleteObjects: 0.124400 ms)

AssetImportParameters requested are different than current active one (requested -> active):
  custom:video-decoder-ogg-theora: a1e56fd34408186e4bbccfd4996cb3dc -> 
  custom:container-muxer-webm: aa71ff27fc2769a1b78a27578f13a17b -> 
  custom:container-demuxer-webm: 4f35f7cbe854078d1ac9338744f61a02 -> 
  custom:video-encoder-webm-vp8: eb34c28f22e8b96e1ab97ce403110664 -> 
  custom:audio-encoder-webm-vorbis: bf7c407c2cedff20999df2af8eb42d56 -> 
  custom:framework-win-MediaFoundation: 216162199b28c13a410421893ffa2e32 -> 
  custom:container-demuxer-ogg: 62fdf1f143b41e24485cea50d1cbac27 -> 
  custom:video-decoder-webm-vp8: 9c59270c3fd7afecdb556c50c9e8de78 -> 
  custom:audio-decoder-ogg-vorbis: bf7c407c2cedff20999df2af8eb42d56 -> 
========================================================================
Received Prepare
Registering precompiled user dll's ...
Registered in 0.011992 seconds.
Begin MonoManager ReloadAssembly
Native extension for WindowsStandalone target not found
Native extension for WebGL target not found
Refreshing native plugins compatible for Editor in 13.57 ms, found 2 plugins.
Preloading 0 native plugins for Editor in 0.00 ms.
Mono: successfully reloaded assembly
- Completed reload, in  3.859 seconds
Domain Reload Profiling:
	ReloadAssembly (3862ms)
		BeginReloadAssembly (340ms)
			ExecutionOrderSort (0ms)
			DisableScriptedObjects (11ms)
			BackupInstance (0ms)
			ReleaseScriptingObjects (0ms)
			CreateAndSetChildDomain (95ms)
		EndReloadAssembly (3235ms)
			LoadAssemblies (251ms)
			RebuildTransferFunctionScriptingTraits (0ms)
			SetupTypeCache (615ms)
			ReleaseScriptCaches (5ms)
			RebuildScriptCaches (391ms)
			SetupLoadedEditorAssemblies (1584ms)
				LogAssemblyErrors (0ms)
				InitializePlatformSupportModulesInManaged (37ms)
				SetLoadedEditorAssemblies (2ms)
				RefreshPlugins (14ms)
				BeforeProcessingInitializeOnLoad (162ms)
				ProcessInitializeOnLoadAttributes (1182ms)
				ProcessInitializeOnLoadMethodAttributes (153ms)
				AfterProcessingInitializeOnLoad (32ms)
				EditorAssembliesLoaded (1ms)
			ExecutionOrderSort2 (0ms)
			AwakeInstancesAfterBackupRestoration (33ms)
Platform modules already initialized, skipping
Refreshing native plugins compatible for Editor in 5.93 ms, found 2 plugins.
Preloading 0 native plugins for Editor in 0.00 ms.
Unloading 1850 Unused Serialized files (Serialized files now loaded: 0)
Unloading 14 unused Assets / (95.3 KB). Loaded Objects now: 2660.
Memory consumption went from 82.6 MB to 82.5 MB.
Total: 13.850600 ms (FindLiveObjects: 0.903900 ms CreateObjectMapping: 0.501200 ms MarkObjects: 12.310000 ms  DeleteObjects: 0.131900 ms)

AssetImportParameters requested are different than current active one (requested -> active):
  custom:video-decoder-ogg-theora: a1e56fd34408186e4bbccfd4996cb3dc -> 
  custom:container-muxer-webm: aa71ff27fc2769a1b78a27578f13a17b -> 
  custom:container-demuxer-webm: 4f35f7cbe854078d1ac9338744f61a02 -> 
  custom:video-encoder-webm-vp8: eb34c28f22e8b96e1ab97ce403110664 -> 
  custom:audio-encoder-webm-vorbis: bf7c407c2cedff20999df2af8eb42d56 -> 
  custom:framework-win-MediaFoundation: 216162199b28c13a410421893ffa2e32 -> 
  custom:container-demuxer-ogg: 62fdf1f143b41e24485cea50d1cbac27 -> 
  custom:video-decoder-webm-vp8: 9c59270c3fd7afecdb556c50c9e8de78 -> 
  custom:audio-decoder-ogg-vorbis: bf7c407c2cedff20999df2af8eb42d56 -> 
========================================================================
Received Prepare
Registering precompiled user dll's ...
Registered in 0.013254 seconds.
Begin MonoManager ReloadAssembly
Native extension for WindowsStandalone target not found
Native extension for WebGL target not found
Refreshing native plugins compatible for Editor in 3.09 ms, found 2 plugins.
Preloading 0 native plugins for Editor in 0.00 ms.
Mono: successfully reloaded assembly
- Completed reload, in  4.273 seconds
Domain Reload Profiling:
	ReloadAssembly (4276ms)
		BeginReloadAssembly (458ms)
			ExecutionOrderSort (0ms)
			DisableScriptedObjects (14ms)
			BackupInstance (0ms)
			ReleaseScriptingObjects (0ms)
			CreateAndSetChildDomain (96ms)
		EndReloadAssembly (3516ms)
			LoadAssemblies (240ms)
			RebuildTransferFunctionScriptingTraits (0ms)
			SetupTypeCache (719ms)
			ReleaseScriptCaches (3ms)
			RebuildScriptCaches (375ms)
			SetupLoadedEditorAssemblies (1752ms)
				LogAssemblyErrors (0ms)
				InitializePlatformSupportModulesInManaged (74ms)
				SetLoadedEditorAssemblies (3ms)
				RefreshPlugins (3ms)
				BeforeProcessingInitializeOnLoad (223ms)
				ProcessInitializeOnLoadAttributes (1262ms)
				ProcessInitializeOnLoadMethodAttributes (152ms)
				AfterProcessingInitializeOnLoad (33ms)
				EditorAssembliesLoaded (1ms)
			ExecutionOrderSort2 (0ms)
			AwakeInstancesAfterBackupRestoration (38ms)
Platform modules already initialized, skipping
Refreshing native plugins compatible for Editor in 9.23 ms, found 2 plugins.
Preloading 0 native plugins for Editor in 0.00 ms.
Unloading 1850 Unused Serialized files (Serialized files now loaded: 0)
Unloading 14 unused Assets / (95.3 KB). Loaded Objects now: 2675.
Memory consumption went from 82.7 MB to 82.6 MB.
Total: 12.772800 ms (FindLiveObjects: 0.663800 ms CreateObjectMapping: 0.552200 ms MarkObjects: 11.409100 ms  DeleteObjects: 0.142300 ms)

AssetImportParameters requested are different than current active one (requested -> active):
  custom:video-decoder-ogg-theora: a1e56fd34408186e4bbccfd4996cb3dc -> 
  custom:container-muxer-webm: aa71ff27fc2769a1b78a27578f13a17b -> 
  custom:container-demuxer-webm: 4f35f7cbe854078d1ac9338744f61a02 -> 
  custom:video-encoder-webm-vp8: eb34c28f22e8b96e1ab97ce403110664 -> 
  custom:audio-encoder-webm-vorbis: bf7c407c2cedff20999df2af8eb42d56 -> 
  custom:framework-win-MediaFoundation: 216162199b28c13a410421893ffa2e32 -> 
  custom:container-demuxer-ogg: 62fdf1f143b41e24485cea50d1cbac27 -> 
  custom:video-decoder-webm-vp8: 9c59270c3fd7afecdb556c50c9e8de78 -> 
  custom:audio-decoder-ogg-vorbis: bf7c407c2cedff20999df2af8eb42d56 -> 
